Arguments: 
  C:\Program Files\nodejs\node.exe C:\Program Files\nodejs\node_modules\yarn\bin\yarn.js install

PATH: 
  C:\Users\miran\OneDrive\Desktop\cmder\vendor\conemu-maximus5\ConEmu\Scripts;C:\Users\miran\OneDrive\Desktop\cmder\vendor\conemu-maximus5;C:\Users\miran\OneDrive\Desktop\cmder\vendor\conemu-maximus5\ConEmu;C:\WINDOWS\system32;C:\WINDOWS;C:\WINDOWS\System32\Wbem;C:\WINDOWS\System32\WindowsPowerShell\v1.0\;C:\WINDOWS\System32\OpenSSH\;C:\Program Files\Git\cmd;%NVM_HOME%;%NVM_SYMLINK%;C:\Program Files\nodejs\;C:\Users\miran\AppData\Local\Microsoft\WindowsApps;C:\Users\miran\AppData\Local\Programs\Microsoft VS Code\bin;C:\Users\miran\AppData\Roaming\nvm;C:\Program Files\nodejs;C:\Users\miran\AppData\Roaming\npm;C:\Program Files\Git\mingw64\bin;C:\Program Files\Git\usr\bin;C:\Users\miran\OneDrive\Desktop\cmder\vendor\bin;C:\Users\miran\OneDrive\Desktop\cmder

Yarn version: 
  1.22.19

Node version: 
  16.14.2

Platform: 
  win32 x64

Trace: 
  Error: EPERM: operation not permitted, unlink 'C:\Users\miran\OneDrive\Desktop\remix-app\node_modules\esbuild-windows-64\esbuild.exe'

npm manifest: 
  {
    "private": true,
    "sideEffects": false,
    "prisma": {
      "seed": "node prisma/seed"
    },
    "scripts": {
      "build": "remix build",
      "dev": "remix dev",
      "start": "remix-serve build"
    },
    "dependencies": {
      "@prisma/client": "^4.0.0",
      "@remix-run/node": "^1.5.1",
      "@remix-run/react": "^1.5.1",
      "@remix-run/serve": "^1.5.1",
      "bcrypt": "^5.0.1",
      "prisma": "^3.15.0",
      "react": "^17.0.2",
      "react-dom": "^17.0.2",
      "remix": "^1.5.1"
    },
    "devDependencies": {
      "@remix-run/dev": "^1.5.1",
      "@remix-run/eslint-config": "^1.5.1",
      "eslint": "^8.15.0"
    },
    "engines": {
      "node": ">=14"
    }
  }

yarn manifest: 
  No manifest

Lockfile: 
  No lockfile
